<?xml version="1.0" encoding="UTF-8"?>
<!-- Generated by org.testng.reporters.JUnitXMLReporter -->
<testsuite ignored="0" hostname="DESKTOP-AM854" failures="0" tests="3" name="Default test" time="10.784" errors="0" timestamp="2026-03-12T11:19:04 IST">
  <testcase classname="basePackage.ShopperCart" name="fetchAllProducts" time="3.222"/>
  <testcase classname="basePackage.ShopperCart" name="addToCart" time="0.905"/>
  <testcase classname="basePackage.ShopperCart" name="removeFromCart" time="0.639"/>
</testsuite> <!-- Default test -->
