<?xml version="1.0" encoding="UTF-8"?>
<testng-results ignored="0" total="3" passed="3" failed="0" skipped="0">
  <reporter-output>
  </reporter-output>
  <suite started-at="2026-03-12T11:18:54 IST" name="Default suite" finished-at="2026-03-12T11:19:04 IST" duration-ms="10784">
    <groups>
    </groups>
    <test started-at="2026-03-12T11:18:54 IST" name="Default test" finished-at="2026-03-12T11:19:04 IST" duration-ms="10784">
      <class name="basePackage.ShopperCart">
        <test-method is-config="true" signature="loginTest()[pri:0, instance:basePackage.ShopperCart@36ebc363]" started-at="2026-03-12T11:18:54 IST" name="loginTest" finished-at="2026-03-12T11:19:00 IST" duration-ms="5912" status="PASS">
          <reporter-output>
          </reporter-output>
        </test-method> <!-- loginTest -->
        <test-method signature="fetchAllProducts()[pri:0, instance:basePackage.ShopperCart@36ebc363]" started-at="2026-03-12T11:19:00 IST" name="fetchAllProducts" finished-at="2026-03-12T11:19:03 IST" duration-ms="3222" status="PASS">
          <reporter-output>
          </reporter-output>
        </test-method> <!-- fetchAllProducts -->
        <test-method signature="addToCart()[pri:0, instance:basePackage.ShopperCart@36ebc363]" started-at="2026-03-12T11:19:03 IST" name="addToCart" finished-at="2026-03-12T11:19:04 IST" depends-on-methods="basePackage.ShopperCart.fetchAllProducts" duration-ms="905" status="PASS">
          <reporter-output>
          </reporter-output>
        </test-method> <!-- addToCart -->
        <test-method signature="removeFromCart()[pri:0, instance:basePackage.ShopperCart@36ebc363]" started-at="2026-03-12T11:19:04 IST" name="removeFromCart" finished-at="2026-03-12T11:19:04 IST" depends-on-methods="basePackage.ShopperCart.addToCart" duration-ms="639" status="PASS">
          <reporter-output>
          </reporter-output>
        </test-method> <!-- removeFromCart -->
      </class> <!-- basePackage.ShopperCart -->
    </test> <!-- Default test -->
  </suite> <!-- Default suite -->
</testng-results>
