<?xml version="1.0" encoding="UTF-8"?>
<!-- Generated by org.testng.reporters.JUnitReportReporter -->
<testsuite hostname="DESKTOP-AM854" failures="0" tests="3" name="basePackage.ShopperCart" time="4.766" errors="0" timestamp="2026-03-12T11:19:05 IST" skipped="0">
  <testcase classname="basePackage.ShopperCart" name="removeFromCart" time="0.639"/>
  <testcase classname="basePackage.ShopperCart" name="addToCart" time="0.905"/>
  <testcase classname="basePackage.ShopperCart" name="fetchAllProducts" time="3.222"/>
</testsuite> <!-- basePackage.ShopperCart -->
