<?xml version="1.0" encoding="UTF-8"?>
<!-- Generated by org.testng.reporters.JUnitReportReporter -->
<testsuite hostname="DESKTOP-AM854" failures="0" tests="3" name="shopper.TestNGMethods" time="0.029" errors="0" timestamp="2026-03-10T19:33:01 IST" skipped="0">
  <testcase classname="shopper.TestNGMethods" name="bTest" time="0.022"/>
  <testcase classname="shopper.TestNGMethods" name="aTest" time="0.003"/>
  <testcase classname="shopper.TestNGMethods" name="cTest" time="0.004"/>
</testsuite> <!-- shopper.TestNGMethods -->
